e:\swissknife\swissknife\swissknife\x64\debug\swissknife.pch
e:\swissknife\swissknife\swissknife\x64\debug\vc140.pdb
e:\swissknife\swissknife\swissknife\x64\debug\vc140.idb
e:\swissknife\swissknife\swissknife\x64\debug\stdafx.obj
e:\swissknife\swissknife\swissknife\x64\debug\child_cpudlg.obj
e:\swissknife\swissknife\swissknife\x64\debug\child_filedlg.obj
e:\swissknife\swissknife\swissknife\x64\debug\child_processdlg.obj
e:\swissknife\swissknife\swissknife\x64\debug\child_registerdlg.obj
e:\swissknife\swissknife\swissknife\x64\debug\child_serverdlg.obj
e:\swissknife\swissknife\swissknife\x64\debug\child_softwaredlg.obj
e:\swissknife\swissknife\swissknife\x64\debug\child_startupdlg.obj
e:\swissknife\swissknife\swissknife\x64\debug\child_windowdlg.obj
e:\swissknife\swissknife\swissknife\x64\debug\dllcheck.obj
e:\swissknife\swissknife\swissknife\x64\debug\hostinfo.obj
e:\swissknife\swissknife\swissknife\x64\debug\process.obj
e:\swissknife\swissknife\swissknife\x64\debug\registeroperation.obj
e:\swissknife\swissknife\swissknife\x64\debug\swissknife.obj
e:\swissknife\swissknife\swissknife\x64\debug\swissknifedlg.obj
e:\swissknife\swissknife\swissknife\x64\debug\_sm4.obj
e:\swissknife\swissknife\swissknife\x64\debug\truecolortoolbar.obj
e:\swissknife\swissknife\x64\debug\swissknife.ilk
e:\swissknife\swissknife\x64\debug\swissknife.exe
e:\swissknife\swissknife\x64\debug\swissknife.pdb
e:\swissknife\swissknife\swissknife\x64\debug\swissknife.res
e:\swissknife\swissknife\swissknife\x64\debug\swissknife.tlog\cl.command.1.tlog
e:\swissknife\swissknife\swissknife\x64\debug\swissknife.tlog\cl.read.1.tlog
e:\swissknife\swissknife\swissknife\x64\debug\swissknife.tlog\cl.write.1.tlog
e:\swissknife\swissknife\swissknife\x64\debug\swissknife.tlog\link.command.1.tlog
e:\swissknife\swissknife\swissknife\x64\debug\swissknife.tlog\link.read.1.tlog
e:\swissknife\swissknife\swissknife\x64\debug\swissknife.tlog\link.write.1.tlog
e:\swissknife\swissknife\swissknife\x64\debug\swissknife.tlog\rc.command.1.tlog
e:\swissknife\swissknife\swissknife\x64\debug\swissknife.tlog\rc.read.1.tlog
e:\swissknife\swissknife\swissknife\x64\debug\swissknife.tlog\rc.write.1.tlog
